TN:
SF:C:\Apache24\htdocs\giswebgroup\portal-client-demo\tests\intern.js
FNF:0
FNH:0
DA:4,1
LF:1
LH:1
BRF:0
BRH:0
end_of_record
TN:
SF:C:\Apache24\htdocs\giswebgroup\portal-client-demo\tests\all.js
FN:28,(anonymous_1)
FNF:1
FNH:1
FNDA:1,(anonymous_1)
DA:4,1
LF:1
LH:1
BRF:0
BRH:0
end_of_record
TN:
SF:C:\Apache24\htdocs\giswebgroup\portal-client-demo\tests\core\createDestroy.js
FN:9,(anonymous_1)
FN:10,(anonymous_2)
FN:11,(anonymous_3)
FN:26,(anonymous_4)
FN:28,(anonymous_5)
FN:55,(anonymous_6)
FN:62,(anonymous_7)
FNF:7
FNH:7
FNDA:1,(anonymous_1)
FNDA:1,(anonymous_2)
FNDA:1,(anonymous_3)
FNDA:1,(anonymous_4)
FNDA:1,(anonymous_5)
FNDA:1,(anonymous_6)
FNDA:1,(anonymous_7)
DA:1,1
DA:10,1
DA:11,1
DA:12,1
DA:13,1
DA:14,1
DA:15,1
DA:17,1
DA:20,1
DA:21,1
DA:26,1
DA:27,1
DA:29,1
DA:31,1
DA:34,1
DA:36,1
DA:43,1
DA:44,1
DA:46,1
DA:49,1
DA:51,1
DA:55,1
DA:56,1
DA:62,1
DA:63,1
LF:25
LH:25
BRF:0
BRH:0
end_of_record
TN:
SF:C:\Apache24\htdocs\giswebgroup\portal-client-demo\libs\dstore\Memory.js
FN:9,(anonymous_1)
FN:14,(anonymous_2)
FN:25,(anonymous_3)
FN:39,(anonymous_4)
FN:48,(anonymous_5)
FN:129,(anonymous_6)
FN:142,(anonymous_7)
FN:160,(anonymous_8)
FN:181,(anonymous_9)
FN:207,(anonymous_10)
FN:225,(anonymous_11)
FN:234,(anonymous_12)
FNF:12
FNH:7
FNDA:1,(anonymous_1)
FNDA:1,(anonymous_2)
FNDA:1,(anonymous_3)
FNDA:0,(anonymous_4)
FNDA:0,(anonymous_5)
FNDA:0,(anonymous_6)
FNDA:0,(anonymous_7)
FNDA:1,(anonymous_8)
FNDA:1,(anonymous_9)
FNDA:1,(anonymous_10)
FNDA:1,(anonymous_11)
FNDA:0,(anonymous_12)
DA:1,1
DA:13,1
DA:22,1
DA:26,1
DA:30,1
DA:46,0
DA:58,0
DA:60,0
DA:64,0
DA:65,0
DA:69,0
DA:71,0
DA:72,0
DA:73,0
DA:74,0
DA:76,0
DA:78,0
DA:82,0
DA:83,0
DA:84,0
DA:86,0
DA:87,0
DA:90,0
DA:93,0
DA:94,0
DA:95,0
DA:97,0
DA:98,0
DA:100,0
DA:103,0
DA:104,0
DA:108,0
DA:109,0
DA:111,0
DA:112,0
DA:115,0
DA:117,0
DA:120,0
DA:121,0
DA:122,0
DA:125,0
DA:127,0
DA:138,0
DA:140,0
DA:149,0
DA:150,0
DA:151,0
DA:152,0
DA:153,0
DA:155,0
DA:156,0
DA:157,0
DA:168,1
DA:169,0
DA:171,1
DA:173,0
DA:174,0
DA:176,1
DA:177,1
DA:178,1
DA:182,1
DA:183,1
DA:184,1
DA:185,1
DA:186,1
DA:187,1
DA:188,3
DA:189,3
DA:190,0
DA:196,0
DA:199,0
DA:202,3
DA:204,1
DA:208,1
DA:209,1
DA:212,1
DA:213,1
DA:215,1
DA:216,0
DA:219,1
DA:220,1
DA:222,1
DA:226,1
DA:229,1
DA:235,0
LF:85
LH:30
BRDA:30,1,0,1
BRDA:30,1,1,0
BRDA:58,2,0,0
BRDA:58,2,1,0
BRDA:65,3,0,0
BRDA:65,3,1,0
BRDA:65,4,0,0
BRDA:65,4,1,0
BRDA:72,5,0,0
BRDA:72,5,1,0
BRDA:73,6,0,0
BRDA:73,6,1,0
BRDA:78,7,0,0
BRDA:78,7,1,0
BRDA:82,8,0,0
BRDA:82,8,1,0
BRDA:83,9,0,0
BRDA:83,9,1,0
BRDA:90,10,0,0
BRDA:90,10,1,0
BRDA:94,11,0,0
BRDA:94,11,1,0
BRDA:97,12,0,0
BRDA:97,12,1,0
BRDA:103,13,0,0
BRDA:103,13,1,0
BRDA:108,14,0,0
BRDA:108,14,1,0
BRDA:120,15,0,0
BRDA:120,15,1,0
BRDA:138,16,0,0
BRDA:138,16,1,0
BRDA:152,17,0,0
BRDA:152,17,1,0
BRDA:168,18,0,0
BRDA:168,18,1,1
BRDA:171,19,0,0
BRDA:171,19,1,1
BRDA:173,20,0,0
BRDA:173,20,1,0
BRDA:189,21,0,0
BRDA:189,21,1,3
BRDA:189,22,0,3
BRDA:189,22,1,0
BRDA:196,23,0,0
BRDA:196,23,1,0
BRDA:209,24,0,1
BRDA:209,24,1,0
BRDA:209,25,0,1
BRDA:209,25,1,1
BRDA:235,26,0,0
BRDA:235,26,1,0
BRF:52
BRH:8
end_of_record
TN:
SF:C:\Apache24\htdocs\giswebgroup\portal-client-demo\libs\dstore\Store.js
FN:12,(anonymous_1)
FN:23,emitUpdateEvent
FN:24,(anonymous_3)
FN:26,(anonymous_4)
FN:45,(anonymous_5)
FN:66,(anonymous_6)
FN:67,(anonymous_7)
FN:93,(anonymous_8)
FN:103,(anonymous_9)
FN:121,(anonymous_10)
FN:123,(anonymous_11)
FN:130,(anonymous_12)
FN:133,(anonymous_13)
FN:164,(anonymous_14)
FN:208,(anonymous_15)
FN:219,(anonymous_16)
FN:231,(anonymous_17)
FN:241,(anonymous_18)
FN:254,(anonymous_19)
FN:267,(anonymous_20)
FN:284,(anonymous_21)
FNF:21
FNH:3
FNDA:1,(anonymous_1)
FNDA:0,emitUpdateEvent
FNDA:0,(anonymous_3)
FNDA:0,(anonymous_4)
FNDA:1,(anonymous_5)
FNDA:0,(anonymous_6)
FNDA:0,(anonymous_7)
FNDA:9,(anonymous_8)
FNDA:0,(anonymous_9)
FNDA:0,(anonymous_10)
FNDA:0,(anonymous_11)
FNDA:0,(anonymous_12)
FNDA:0,(anonymous_13)
FNDA:0,(anonymous_14)
FNDA:0,(anonymous_15)
FNDA:0,(anonymous_16)
FNDA:0,(anonymous_17)
FNDA:0,(anonymous_18)
FNDA:0,(anonymous_19)
FNDA:0,(anonymous_20)
FNDA:0,(anonymous_21)
DA:1,1
DA:20,1
DA:21,1
DA:23,1
DA:24,0
DA:25,0
DA:26,0
DA:27,0
DA:29,0
DA:30,0
DA:32,0
DA:35,0
DA:39,1
DA:44,1
DA:47,1
DA:49,1
DA:53,0
DA:60,1
DA:61,1
DA:62,1
DA:64,0
DA:65,0
DA:66,0
DA:67,0
DA:68,0
DA:70,0
DA:100,9
DA:114,0
DA:115,0
DA:117,0
DA:122,0
DA:123,0
DA:124,0
DA:125,0
DA:127,0
DA:131,0
DA:134,0
DA:135,0
DA:136,0
DA:137,0
DA:141,0
DA:189,0
DA:190,0
DA:191,0
DA:192,0
DA:193,0
DA:195,0
DA:196,0
DA:199,0
DA:202,0
DA:205,0
DA:216,0
DA:220,0
DA:222,0
DA:223,0
DA:224,0
DA:228,0
DA:232,0
DA:242,0
DA:243,0
DA:244,0
DA:246,0
DA:255,0
DA:256,0
DA:257,0
DA:259,0
DA:260,0
DA:261,0
DA:262,0
DA:264,0
DA:267,0
DA:269,0
DA:270,0
DA:271,0
DA:274,0
DA:276,0
DA:285,0
DA:286,0
LF:78
LH:12
BRDA:20,1,0,1
BRDA:20,1,1,1
BRDA:28,2,0,0
BRDA:28,2,1,0
BRDA:29,3,0,0
BRDA:29,3,1,0
BRDA:47,4,0,1
BRDA:47,4,1,1
BRDA:49,5,0,0
BRDA:49,5,1,1
BRDA:49,6,0,1
BRDA:49,6,1,0
BRDA:62,7,0,0
BRDA:62,7,1,1
BRDA:100,8,0,0
BRDA:100,8,1,9
BRDA:114,9,0,0
BRDA:114,9,1,0
BRDA:134,10,0,0
BRDA:134,10,1,0
BRDA:190,11,0,0
BRDA:190,11,1,0
BRDA:190,12,0,0
BRDA:190,12,1,0
BRDA:193,13,0,0
BRDA:193,13,1,0
BRDA:196,14,0,0
BRDA:196,14,1,0
BRDA:196,15,0,0
BRDA:196,15,1,0
BRDA:223,16,0,0
BRDA:223,16,1,0
BRDA:232,17,0,0
BRDA:232,17,1,0
BRDA:243,18,0,0
BRDA:243,18,1,0
BRDA:256,19,0,0
BRDA:256,19,1,0
BRDA:259,20,0,0
BRDA:259,20,1,0
BRDA:261,21,0,0
BRDA:261,21,1,0
BRF:42
BRH:8
end_of_record
TN:
SF:C:\Apache24\htdocs\giswebgroup\portal-client-demo\libs\dstore\Promised.js
FN:6,(anonymous_1)
FN:10,promised
FN:11,(anonymous_3)
FNF:3
FNH:3
FNDA:1,(anonymous_1)
FNDA:6,promised
FNDA:1,(anonymous_3)
DA:1,1
DA:10,1
DA:11,6
DA:12,1
DA:13,1
DA:14,1
DA:16,0
DA:18,1
DA:21,1
DA:22,1
DA:23,1
DA:25,0
DA:28,1
LF:13
LH:11
BRDA:18,1,0,1
BRDA:18,1,1,0
BRF:2
BRH:1
end_of_record
TN:
SF:C:\Apache24\htdocs\giswebgroup\portal-client-demo\libs\dstore\SimpleQuery.js
FN:4,(anonymous_1)
FN:9,makeGetter
FN:13,(anonymous_3)
FN:21,(anonymous_4)
FN:27,(anonymous_5)
FN:30,(anonymous_6)
FN:34,(anonymous_7)
FN:37,(anonymous_8)
FN:40,(anonymous_9)
FN:43,(anonymous_10)
FN:46,(anonymous_11)
FN:49,(anonymous_12)
FN:52,(anonymous_13)
FN:54,(anonymous_14)
FN:57,(anonymous_15)
FN:70,(anonymous_16)
FN:76,getQuerier
FN:89,(anonymous_18)
FN:101,(anonymous_19)
FN:103,(anonymous_20)
FN:106,(anonymous_21)
FN:126,(anonymous_22)
FN:133,(anonymous_23)
FN:138,(anonymous_24)
FN:146,(anonymous_25)
FN:147,(anonymous_26)
FN:151,(anonymous_27)
FN:160,(anonymous_28)
FN:168,(anonymous_29)
FN:170,(anonymous_30)
FN:172,(anonymous_31)
FNF:31
FNH:1
FNDA:1,(anonymous_1)
FNDA:0,makeGetter
FNDA:0,(anonymous_3)
FNDA:0,(anonymous_4)
FNDA:0,(anonymous_5)
FNDA:0,(anonymous_6)
FNDA:0,(anonymous_7)
FNDA:0,(anonymous_8)
FNDA:0,(anonymous_9)
FNDA:0,(anonymous_10)
FNDA:0,(anonymous_11)
FNDA:0,(anonymous_12)
FNDA:0,(anonymous_13)
FNDA:0,(anonymous_14)
FNDA:0,(anonymous_15)
FNDA:0,(anonymous_16)
FNDA:0,getQuerier
FNDA:0,(anonymous_18)
FNDA:0,(anonymous_19)
FNDA:0,(anonymous_20)
FNDA:0,(anonymous_21)
FNDA:0,(anonymous_22)
FNDA:0,(anonymous_23)
FNDA:0,(anonymous_24)
FNDA:0,(anonymous_25)
FNDA:0,(anonymous_26)
FNDA:0,(anonymous_27)
FNDA:0,(anonymous_28)
FNDA:0,(anonymous_29)
FNDA:0,(anonymous_30)
FNDA:0,(anonymous_31)
DA:1,1
DA:9,1
DA:10,0
DA:11,0
DA:12,0
DA:13,0
DA:14,0
DA:15,0
DA:17,0
DA:21,0
DA:22,0
DA:26,1
DA:28,0
DA:32,0
DA:35,0
DA:38,0
DA:41,0
DA:44,0
DA:47,0
DA:50,0
DA:53,0
DA:54,0
DA:55,0
DA:56,0
DA:57,0
DA:58,0
DA:61,0
DA:66,1
DA:72,0
DA:73,0
DA:74,0
DA:76,1
DA:77,0
DA:78,0
DA:79,0
DA:80,0
DA:82,0
DA:83,0
DA:84,0
DA:85,0
DA:87,0
DA:89,0
DA:91,0
DA:94,0
DA:96,0
DA:98,0
DA:99,0
DA:101,0
DA:102,0
DA:104,0
DA:107,0
DA:112,0
DA:115,0
DA:117,0
DA:120,0
DA:121,0
DA:122,0
DA:124,0
DA:126,0
DA:127,0
DA:130,0
DA:133,0
DA:134,0
DA:143,0
DA:147,0
DA:148,0
DA:149,0
DA:152,0
DA:153,0
DA:154,0
DA:155,0
DA:157,0
DA:161,0
DA:169,0
DA:170,0
DA:171,0
DA:172,0
DA:173,0
DA:174,0
DA:175,0
DA:176,0
DA:177,0
DA:179,0
DA:180,0
DA:181,0
DA:182,0
DA:184,0
DA:185,0
DA:187,0
DA:192,0
DA:193,0
DA:196,0
DA:198,0
LF:93
LH:5
BRDA:10,1,0,0
BRDA:10,1,1,0
BRDA:15,2,0,0
BRDA:15,2,1,0
BRDA:15,3,0,0
BRDA:15,3,1,0
BRDA:15,4,0,0
BRDA:15,4,1,0
BRDA:22,5,0,0
BRDA:22,5,1,0
BRDA:32,6,0,0
BRDA:32,6,1,0
BRDA:54,7,0,0
BRDA:54,7,1,0
BRDA:55,8,0,0
BRDA:55,8,1,0
BRDA:55,9,0,0
BRDA:55,9,1,0
BRDA:80,10,0,0
BRDA:80,10,1,0
BRDA:85,11,0,0
BRDA:85,11,1,0
BRDA:85,12,0,0
BRDA:85,12,1,0
BRDA:94,13,0,0
BRDA:94,13,1,0
BRDA:94,13,2,0
BRDA:94,13,3,0
BRDA:94,13,4,0
BRDA:94,13,5,0
BRDA:99,14,0,0
BRDA:99,14,1,0
BRDA:102,15,0,0
BRDA:102,15,1,0
BRDA:104,16,0,0
BRDA:104,16,1,0
BRDA:107,17,0,0
BRDA:107,17,1,0
BRDA:121,18,0,0
BRDA:121,18,1,0
BRDA:143,19,0,0
BRDA:143,19,1,0
BRDA:149,20,0,0
BRDA:149,20,1,0
BRDA:172,21,0,0
BRDA:172,21,1,0
BRDA:176,22,0,0
BRDA:176,22,1,0
BRDA:179,23,0,0
BRDA:179,23,1,0
BRDA:184,24,0,0
BRDA:184,24,1,0
BRDA:185,25,0,0
BRDA:185,25,1,0
BRDA:187,26,0,0
BRDA:187,26,1,0
BRDA:189,27,0,0
BRDA:189,27,1,0
BRDA:189,28,0,0
BRDA:189,28,1,0
BRDA:189,28,2,0
BRDA:192,29,0,0
BRDA:192,29,1,0
BRF:63
BRH:0
end_of_record
TN:
SF:C:\Apache24\htdocs\giswebgroup\portal-client-demo\libs\dstore\QueryResults.js
FN:1,(anonymous_1)
FN:2,forEach
FN:3,(anonymous_3)
FN:9,(anonymous_4)
FN:15,(anonymous_5)
FNF:5
FNH:3
FNDA:1,(anonymous_1)
FNDA:0,forEach
FNDA:0,(anonymous_3)
FNDA:3,(anonymous_4)
FNDA:1,(anonymous_5)
DA:1,1
DA:2,1
DA:3,0
DA:4,0
DA:5,0
DA:9,1
DA:10,3
DA:11,3
DA:12,1
DA:15,1
DA:17,1
DA:20,1
DA:23,1
DA:27,1
DA:29,1
DA:31,2
DA:34,3
DA:36,3
LF:18
LH:15
BRDA:10,1,0,3
BRDA:10,1,1,1
BRDA:11,2,0,1
BRDA:11,2,1,2
BRDA:17,3,0,0
BRDA:17,3,1,1
BRDA:18,4,0,1
BRDA:18,4,1,0
BRDA:23,5,0,1
BRDA:23,5,1,1
BRDA:27,6,0,0
BRDA:27,6,1,1
BRDA:29,7,0,1
BRDA:29,7,1,0
BRDA:31,8,0,1
BRDA:31,8,1,1
BRF:16
BRH:12
end_of_record
TN:
SF:C:\Apache24\htdocs\giswebgroup\portal-client-demo\libs\dstore\QueryMethod.js
FN:1,(anonymous_1)
FN:18,QueryMethod
FN:38,(anonymous_3)
FNF:3
FNH:2
FNDA:1,(anonymous_1)
FNDA:3,QueryMethod
FNDA:0,(anonymous_3)
DA:1,1
DA:18,1
DA:33,3
DA:38,3
DA:44,0
DA:55,0
DA:58,0
DA:61,0
DA:65,0
LF:9
LH:4
BRDA:45,1,0,0
BRDA:45,1,1,0
BRDA:53,2,0,0
BRDA:53,2,1,0
BRDA:55,3,0,0
BRDA:55,3,1,0
BRDA:65,4,0,0
BRDA:65,4,1,0
BRF:8
BRH:0
end_of_record
TN:
SF:C:\Apache24\htdocs\giswebgroup\portal-client-demo\libs\dstore\Filter.js
FN:1,(anonymous_1)
FN:3,filterCreator
FN:5,newFilter
FN:18,(anonymous_4)
FNF:4
FNH:2
FNDA:1,(anonymous_1)
FNDA:11,filterCreator
FNDA:0,newFilter
FNDA:0,(anonymous_4)
DA:1,1
DA:3,1
DA:5,11
DA:6,0
DA:7,0
DA:8,0
DA:9,0
DA:10,0
DA:12,0
DA:14,0
DA:17,1
DA:19,0
DA:20,0
DA:22,0
DA:24,0
DA:25,0
DA:26,0
DA:28,0
DA:29,0
DA:31,0
DA:33,0
DA:36,0
DA:37,0
DA:38,0
DA:41,0
DA:42,0
DA:58,1
DA:59,1
LF:28
LH:6
BRDA:10,1,0,0
BRDA:10,1,1,0
BRDA:20,2,0,0
BRDA:20,2,1,0
BRDA:20,2,2,0
BRDA:26,3,0,0
BRDA:26,3,1,0
BRDA:29,4,0,0
BRDA:29,4,1,0
BRDA:29,5,0,0
BRDA:29,5,1,0
BRF:11
BRH:0
end_of_record
