<?xml version="1.0" encoding="UTF-8" ?><testsuites><testsuite name="firefox 34.0 on WINDOWS" failures="2" skipped="0" tests="268" time="10.456"><testsuite name="columns" failures="0" skipped="0" tests="1" time="0.06"><testcase name="className property" time="0.025" status="0"/></testsuite><testsuite name="columnSets" failures="0" skipped="0" tests="1" time="0.038"><testcase name="className property" time="0.022" status="0"/></testsuite><testsuite name="createDestroy" failures="0" skipped="0" tests="1" time="0.02"><testcase name="no params list" time="0.004" status="0"/></testsuite><testsuite name="OnDemandList with zero rowHeight" failures="1" skipped="0" tests="2" time="0.066"><testcase name="_processScroll should bail out if rowHeight is 0" time="0" status="0"/><testcase name="refresh with zero rowHeight should only render minRowsPerPage rows" time="0.001" status="1"><failure message="expected 100 to equal 25" type="AssertionError">AssertionError: expected 100 to equal 25
No stack or location</failure></testcase></testsuite><testsuite name="Trackable lists" failures="0" skipped="0" tests="224" time="5.78"><testsuite name="Modify store items" failures="0" skipped="0" tests="55" time="1.624"><testsuite name="OnDemandList one query with 0 overlap" failures="0" skipped="0" tests="7" time="0.164"><testcase name="Modify 1 item starting at index 0, in increasing order" time="0.004" status="0"/><testcase name="Modify 1 item starting at index 1, in increasing order" time="0.004" status="0"/><testcase name="Modify 1 item starting at index 2, in increasing order" time="0.003" status="0"/><testcase name="Modify 2 items starting at index 0, in increasing order" time="0.003" status="0"/><testcase name="Modify 2 items starting at index 1, in increasing order" time="0.002" status="0"/><testcase name="Modify 2 items starting at index 1, in decreasing order" time="0.002" status="0"/><testcase name="Modify 2 items starting at index 2, in decreasing order" time="0.002" status="0"/></testsuite><testsuite name="OnDemandList multiple queries with 0 overlap" failures="0" skipped="0" tests="16" time="0.369"><testcase name="Modify 1 item starting at index 0, in increasing order" time="0.001" status="0"/><testcase name="Modify 1 item starting at index 1, in increasing order" time="0.001" status="0"/><testcase name="Modify 1 item starting at index 2, in increasing order" time="0.001" status="0"/><testcase name="Modify 1 item starting at index 3, in increasing order" time="0.001" status="0"/><testcase name="Modify 1 item starting at index 4, in increasing order" time="0.001" status="0"/><testcase name="Modify 1 item starting at index 5, in increasing order" time="0.001" status="0"/><testcase name="Modify 2 items starting at index 0, in increasing order" time="0.002" status="0"/><testcase name="Modify 2 items starting at index 1, in increasing order" time="0.002" status="0"/><testcase name="Modify 2 items starting at index 2, in increasing order" time="0.001" status="0"/><testcase name="Modify 2 items starting at index 3, in increasing order" time="0.002" status="0"/><testcase name="Modify 2 items starting at index 4, in increasing order" time="0.002" status="0"/><testcase name="Modify 2 items starting at index 1, in decreasing order" time="0.002" status="0"/><testcase name="Modify 2 items starting at index 2, in decreasing order" time="0.002" status="0"/><testcase name="Modify 2 items starting at index 3, in decreasing order" time="0.001" status="0"/><testcase name="Modify 2 items starting at index 4, in decreasing order" time="0.002" status="0"/><testcase name="Modify 2 items starting at index 5, in decreasing order" time="0.009" status="0"/></testsuite><testsuite name="OnDemandList multiple queries with 1 overlap" failures="0" skipped="0" tests="16" time="0.513"><testcase name="Modify 1 item starting at index 0, in increasing order" time="0.002" status="0"/><testcase name="Modify 1 item starting at index 1, in increasing order" time="0.001" status="0"/><testcase name="Modify 1 item starting at index 2, in increasing order" time="0.001" status="0"/><testcase name="Modify 1 item starting at index 3, in increasing order" time="0.006" status="0"/><testcase name="Modify 1 item starting at index 4, in increasing order" time="0.004" status="0"/><testcase name="Modify 1 item starting at index 5, in increasing order" time="0.002" status="0"/><testcase name="Modify 2 items starting at index 0, in increasing order" time="0.007" status="0"/><testcase name="Modify 2 items starting at index 1, in increasing order" time="0.003" status="0"/><testcase name="Modify 2 items starting at index 2, in increasing order" time="0.002" status="0"/><testcase name="Modify 2 items starting at index 3, in increasing order" time="0.003" status="0"/><testcase name="Modify 2 items starting at index 4, in increasing order" time="0.001" status="0"/><testcase name="Modify 2 items starting at index 1, in decreasing order" time="0.003" status="0"/><testcase name="Modify 2 items starting at index 2, in decreasing order" time="0.002" status="0"/><testcase name="Modify 2 items starting at index 3, in decreasing order" time="0.002" status="0"/><testcase name="Modify 2 items starting at index 4, in decreasing order" time="0.002" status="0"/><testcase name="Modify 2 items starting at index 5, in decreasing order" time="0.003" status="0"/></testsuite><testsuite name="OnDemandList multiple queries with 2 overlap" failures="0" skipped="0" tests="16" time="0.534"><testcase name="Modify 1 item starting at index 0, in increasing order" time="0.002" status="0"/><testcase name="Modify 1 item starting at index 1, in increasing order" time="0.002" status="0"/><testcase name="Modify 1 item starting at index 2, in increasing order" time="0.002" status="0"/><testcase name="Modify 1 item starting at index 3, in increasing order" time="0.001" status="0"/><testcase name="Modify 1 item starting at index 4, in increasing order" time="0.001" status="0"/><testcase name="Modify 1 item starting at index 5, in increasing order" time="0.002" status="0"/><testcase name="Modify 2 items starting at index 0, in increasing order" time="0.001" status="0"/><testcase name="Modify 2 items starting at index 1, in increasing order" time="0.001" status="0"/><testcase name="Modify 2 items starting at index 2, in increasing order" time="0.001" status="0"/><testcase name="Modify 2 items starting at index 3, in increasing order" time="0.007" status="0"/><testcase name="Modify 2 items starting at index 4, in increasing order" time="0.004" status="0"/><testcase name="Modify 2 items starting at index 1, in decreasing order" time="0.003" status="0"/><testcase name="Modify 2 items starting at index 2, in decreasing order" time="0.002" status="0"/><testcase name="Modify 2 items starting at index 3, in decreasing order" time="0.001" status="0"/><testcase name="Modify 2 items starting at index 4, in decreasing order" time="0.003" status="0"/><testcase name="Modify 2 items starting at index 5, in decreasing order" time="0.003" status="0"/></testsuite></testsuite><testsuite name="Remove store items" failures="0" skipped="0" tests="55" time="1.339"><testsuite name="OnDemandList one query with 0 overlap" failures="0" skipped="0" tests="7" time="0.219"><testcase name="Remove 1 item starting at index 0, in increasing order" time="0.002" status="0"/><testcase name="Remove 1 item starting at index 1, in increasing order" time="0.004" status="0"/><testcase name="Remove 1 item starting at index 2, in increasing order" time="0.002" status="0"/><testcase name="Remove 2 items starting at index 0, in increasing order" time="0.002" status="0"/><testcase name="Remove 2 items starting at index 1, in increasing order" time="0.002" status="0"/><testcase name="Remove 2 items starting at index 1, in decreasing order" time="0.001" status="0"/><testcase name="Remove 2 items starting at index 2, in decreasing order" time="0.002" status="0"/></testsuite><testsuite name="OnDemandList multiple queries with 0 overlap" failures="0" skipped="0" tests="16" time="0.335"><testcase name="Remove 1 item starting at index 0, in increasing order" time="0.002" status="0"/><testcase name="Remove 1 item starting at index 1, in increasing order" time="0.001" status="0"/><testcase name="Remove 1 item starting at index 2, in increasing order" time="0.002" status="0"/><testcase name="Remove 1 item starting at index 3, in increasing order" time="0.002" status="0"/><testcase name="Remove 1 item starting at index 4, in increasing order" time="0.002" status="0"/><testcase name="Remove 1 item starting at index 5, in increasing order" time="0.001" status="0"/><testcase name="Remove 2 items starting at index 0, in increasing order" time="0.001" status="0"/><testcase name="Remove 2 items starting at index 1, in increasing order" time="0.001" status="0"/><testcase name="Remove 2 items starting at index 2, in increasing order" time="0.001" status="0"/><testcase name="Remove 2 items starting at index 3, in increasing order" time="0.001" status="0"/><testcase name="Remove 2 items starting at index 4, in increasing order" time="0.001" status="0"/><testcase name="Remove 2 items starting at index 1, in decreasing order" time="0.002" status="0"/><testcase name="Remove 2 items starting at index 2, in decreasing order" time="0.001" status="0"/><testcase name="Remove 2 items starting at index 3, in decreasing order" time="0.002" status="0"/><testcase name="Remove 2 items starting at index 4, in decreasing order" time="0.001" status="0"/><testcase name="Remove 2 items starting at index 5, in decreasing order" time="0.002" status="0"/></testsuite><testsuite name="OnDemandList multiple queries with 1 overlap" failures="0" skipped="0" tests="16" time="0.379"><testcase name="Remove 1 item starting at index 0, in increasing order" time="0.001" status="0"/><testcase name="Remove 1 item starting at index 1, in increasing order" time="0.001" status="0"/><testcase name="Remove 1 item starting at index 2, in increasing order" time="0.001" status="0"/><testcase name="Remove 1 item starting at index 3, in increasing order" time="0.001" status="0"/><testcase name="Remove 1 item starting at index 4, in increasing order" time="0.001" status="0"/><testcase name="Remove 1 item starting at index 5, in increasing order" time="0.001" status="0"/><testcase name="Remove 2 items starting at index 0, in increasing order" time="0.002" status="0"/><testcase name="Remove 2 items starting at index 1, in increasing order" time="0.002" status="0"/><testcase name="Remove 2 items starting at index 2, in increasing order" time="0.001" status="0"/><testcase name="Remove 2 items starting at index 3, in increasing order" time="0.001" status="0"/><testcase name="Remove 2 items starting at index 4, in increasing order" time="0.002" status="0"/><testcase name="Remove 2 items starting at index 1, in decreasing order" time="0.002" status="0"/><testcase name="Remove 2 items starting at index 2, in decreasing order" time="0.002" status="0"/><testcase name="Remove 2 items starting at index 3, in decreasing order" time="0.002" status="0"/><testcase name="Remove 2 items starting at index 4, in decreasing order" time="0.002" status="0"/><testcase name="Remove 2 items starting at index 5, in decreasing order" time="0.002" status="0"/></testsuite><testsuite name="OnDemandList multiple queries with 2 overlap" failures="0" skipped="0" tests="16" time="0.367"><testcase name="Remove 1 item starting at index 0, in increasing order" time="0.001" status="0"/><testcase name="Remove 1 item starting at index 1, in increasing order" time="0.001" status="0"/><testcase name="Remove 1 item starting at index 2, in increasing order" time="0.001" status="0"/><testcase name="Remove 1 item starting at index 3, in increasing order" time="0.002" status="0"/><testcase name="Remove 1 item starting at index 4, in increasing order" time="0.001" status="0"/><testcase name="Remove 1 item starting at index 5, in increasing order" time="0.001" status="0"/><testcase name="Remove 2 items starting at index 0, in increasing order" time="0.002" status="0"/><testcase name="Remove 2 items starting at index 1, in increasing order" time="0.002" status="0"/><testcase name="Remove 2 items starting at index 2, in increasing order" time="0.001" status="0"/><testcase name="Remove 2 items starting at index 3, in increasing order" time="0.003" status="0"/><testcase name="Remove 2 items starting at index 4, in increasing order" time="0.001" status="0"/><testcase name="Remove 2 items starting at index 1, in decreasing order" time="0.006" status="0"/><testcase name="Remove 2 items starting at index 2, in decreasing order" time="0.002" status="0"/><testcase name="Remove 2 items starting at index 3, in decreasing order" time="0.002" status="0"/><testcase name="Remove 2 items starting at index 4, in decreasing order" time="0.001" status="0"/><testcase name="Remove 2 items starting at index 5, in decreasing order" time="0.002" status="0"/></testsuite></testsuite><testsuite name="Insert store items before" failures="0" skipped="0" tests="55" time="1.411"><testsuite name="OnDemandList one query with 0 overlap" failures="0" skipped="0" tests="7" time="0.152"><testcase name="Add before 1 item starting at index 0, in increasing order" time="0.002" status="0"/><testcase name="Add before 1 item starting at index 1, in increasing order" time="0.002" status="0"/><testcase name="Add before 1 item starting at index 2, in increasing order" time="0.001" status="0"/><testcase name="Add before 2 items starting at index 0, in increasing order" time="0.002" status="0"/><testcase name="Add before 2 items starting at index 1, in increasing order" time="0.001" status="0"/><testcase name="Add before 2 items starting at index 1, in decreasing order" time="0.002" status="0"/><testcase name="Add before 2 items starting at index 2, in decreasing order" time="0.002" status="0"/></testsuite><testsuite name="OnDemandList multiple queries with 0 overlap" failures="0" skipped="0" tests="16" time="0.425"><testcase name="Add before 1 item starting at index 0, in increasing order" time="0.002" status="0"/><testcase name="Add before 1 item starting at index 1, in increasing order" time="0.001" status="0"/><testcase name="Add before 1 item starting at index 2, in increasing order" time="0.001" status="0"/><testcase name="Add before 1 item starting at index 3, in increasing order" time="0.002" status="0"/><testcase name="Add before 1 item starting at index 4, in increasing order" time="0.001" status="0"/><testcase name="Add before 1 item starting at index 5, in increasing order" time="0.001" status="0"/><testcase name="Add before 2 items starting at index 0, in increasing order" time="0.002" status="0"/><testcase name="Add before 2 items starting at index 1, in increasing order" time="0.002" status="0"/><testcase name="Add before 2 items starting at index 2, in increasing order" time="0.002" status="0"/><testcase name="Add before 2 items starting at index 3, in increasing order" time="0.002" status="0"/><testcase name="Add before 2 items starting at index 4, in increasing order" time="0.002" status="0"/><testcase name="Add before 2 items starting at index 1, in decreasing order" time="0.002" status="0"/><testcase name="Add before 2 items starting at index 2, in decreasing order" time="0.002" status="0"/><testcase name="Add before 2 items starting at index 3, in decreasing order" time="0.001" status="0"/><testcase name="Add before 2 items starting at index 4, in decreasing order" time="0.002" status="0"/><testcase name="Add before 2 items starting at index 5, in decreasing order" time="0.002" status="0"/></testsuite><testsuite name="OnDemandList multiple queries with 1 overlap" failures="0" skipped="0" tests="16" time="0.417"><testcase name="Add before 1 item starting at index 0, in increasing order" time="0.001" status="0"/><testcase name="Add before 1 item starting at index 1, in increasing order" time="0.001" status="0"/><testcase name="Add before 1 item starting at index 2, in increasing order" time="0.001" status="0"/><testcase name="Add before 1 item starting at index 3, in increasing order" time="0.001" status="0"/><testcase name="Add before 1 item starting at index 4, in increasing order" time="0.001" status="0"/><testcase name="Add before 1 item starting at index 5, in increasing order" time="0.001" status="0"/><testcase name="Add before 2 items starting at index 0, in increasing order" time="0.002" status="0"/><testcase name="Add before 2 items starting at index 1, in increasing order" time="0.002" status="0"/><testcase name="Add before 2 items starting at index 2, in increasing order" time="0.002" status="0"/><testcase name="Add before 2 items starting at index 3, in increasing order" time="0.001" status="0"/><testcase name="Add before 2 items starting at index 4, in increasing order" time="0.002" status="0"/><testcase name="Add before 2 items starting at index 1, in decreasing order" time="0.002" status="0"/><testcase name="Add before 2 items starting at index 2, in decreasing order" time="0.001" status="0"/><testcase name="Add before 2 items starting at index 3, in decreasing order" time="0.007" status="0"/><testcase name="Add before 2 items starting at index 4, in decreasing order" time="0.002" status="0"/><testcase name="Add before 2 items starting at index 5, in decreasing order" time="0.002" status="0"/></testsuite><testsuite name="OnDemandList multiple queries with 2 overlap" failures="0" skipped="0" tests="16" time="0.377"><testcase name="Add before 1 item starting at index 0, in increasing order" time="0.002" status="0"/><testcase name="Add before 1 item starting at index 1, in increasing order" time="0.001" status="0"/><testcase name="Add before 1 item starting at index 2, in increasing order" time="0.001" status="0"/><testcase name="Add before 1 item starting at index 3, in increasing order" time="0.001" status="0"/><testcase name="Add before 1 item starting at index 4, in increasing order" time="0.001" status="0"/><testcase name="Add before 1 item starting at index 5, in increasing order" time="0.001" status="0"/><testcase name="Add before 2 items starting at index 0, in increasing order" time="0.002" status="0"/><testcase name="Add before 2 items starting at index 1, in increasing order" time="0.002" status="0"/><testcase name="Add before 2 items starting at index 2, in increasing order" time="0.002" status="0"/><testcase name="Add before 2 items starting at index 3, in increasing order" time="0.002" status="0"/><testcase name="Add before 2 items starting at index 4, in increasing order" time="0.002" status="0"/><testcase name="Add before 2 items starting at index 1, in decreasing order" time="0.002" status="0"/><testcase name="Add before 2 items starting at index 2, in decreasing order" time="0.002" status="0"/><testcase name="Add before 2 items starting at index 3, in decreasing order" time="0.002" status="0"/><testcase name="Add before 2 items starting at index 4, in decreasing order" time="0.002" status="0"/><testcase name="Add before 2 items starting at index 5, in decreasing order" time="0.002" status="0"/></testsuite></testsuite><testsuite name="Insert store items after" failures="0" skipped="0" tests="55" time="1.261"><testsuite name="OnDemandList one query with 0 overlap" failures="0" skipped="0" tests="7" time="0.143"><testcase name="Add after 1 item starting at index 0, in increasing order" time="0.002" status="0"/><testcase name="Add after 1 item starting at index 1, in increasing order" time="0.001" status="0"/><testcase name="Add after 1 item starting at index 2, in increasing order" time="0.001" status="0"/><testcase name="Add after 2 items starting at index 0, in increasing order" time="0.002" status="0"/><testcase name="Add after 2 items starting at index 1, in increasing order" time="0.001" status="0"/><testcase name="Add after 2 items starting at index 1, in decreasing order" time="0.002" status="0"/><testcase name="Add after 2 items starting at index 2, in decreasing order" time="0.002" status="0"/></testsuite><testsuite name="OnDemandList multiple queries with 0 overlap" failures="0" skipped="0" tests="16" time="0.342"><testcase name="Add after 1 item starting at index 0, in increasing order" time="0.002" status="0"/><testcase name="Add after 1 item starting at index 1, in increasing order" time="0.001" status="0"/><testcase name="Add after 1 item starting at index 2, in increasing order" time="0.001" status="0"/><testcase name="Add after 1 item starting at index 3, in increasing order" time="0.001" status="0"/><testcase name="Add after 1 item starting at index 4, in increasing order" time="0.002" status="0"/><testcase name="Add after 1 item starting at index 5, in increasing order" time="0.001" status="0"/><testcase name="Add after 2 items starting at index 0, in increasing order" time="0.001" status="0"/><testcase name="Add after 2 items starting at index 1, in increasing order" time="0.001" status="0"/><testcase name="Add after 2 items starting at index 2, in increasing order" time="0.002" status="0"/><testcase name="Add after 2 items starting at index 3, in increasing order" time="0.002" status="0"/><testcase name="Add after 2 items starting at index 4, in increasing order" time="0.002" status="0"/><testcase name="Add after 2 items starting at index 1, in decreasing order" time="0.002" status="0"/><testcase name="Add after 2 items starting at index 2, in decreasing order" time="0.003" status="0"/><testcase name="Add after 2 items starting at index 3, in decreasing order" time="0.006" status="0"/><testcase name="Add after 2 items starting at index 4, in decreasing order" time="0.001" status="0"/><testcase name="Add after 2 items starting at index 5, in decreasing order" time="0.002" status="0"/></testsuite><testsuite name="OnDemandList multiple queries with 1 overlap" failures="0" skipped="0" tests="16" time="0.351"><testcase name="Add after 1 item starting at index 0, in increasing order" time="0.001" status="0"/><testcase name="Add after 1 item starting at index 1, in increasing order" time="0.001" status="0"/><testcase name="Add after 1 item starting at index 2, in increasing order" time="0.001" status="0"/><testcase name="Add after 1 item starting at index 3, in increasing order" time="0.002" status="0"/><testcase name="Add after 1 item starting at index 4, in increasing order" time="0.001" status="0"/><testcase name="Add after 1 item starting at index 5, in increasing order" time="0.002" status="0"/><testcase name="Add after 2 items starting at index 0, in increasing order" time="0.002" status="0"/><testcase name="Add after 2 items starting at index 1, in increasing order" time="0.002" status="0"/><testcase name="Add after 2 items starting at index 2, in increasing order" time="0.001" status="0"/><testcase name="Add after 2 items starting at index 3, in increasing order" time="0.002" status="0"/><testcase name="Add after 2 items starting at index 4, in increasing order" time="0.002" status="0"/><testcase name="Add after 2 items starting at index 1, in decreasing order" time="0.002" status="0"/><testcase name="Add after 2 items starting at index 2, in decreasing order" time="0.002" status="0"/><testcase name="Add after 2 items starting at index 3, in decreasing order" time="0.002" status="0"/><testcase name="Add after 2 items starting at index 4, in decreasing order" time="0.002" status="0"/><testcase name="Add after 2 items starting at index 5, in decreasing order" time="0.002" status="0"/></testsuite><testsuite name="OnDemandList multiple queries with 2 overlap" failures="0" skipped="0" tests="16" time="0.385"><testcase name="Add after 1 item starting at index 0, in increasing order" time="0.001" status="0"/><testcase name="Add after 1 item starting at index 1, in increasing order" time="0.001" status="0"/><testcase name="Add after 1 item starting at index 2, in increasing order" time="0.002" status="0"/><testcase name="Add after 1 item starting at index 3, in increasing order" time="0.001" status="0"/><testcase name="Add after 1 item starting at index 4, in increasing order" time="0.001" status="0"/><testcase name="Add after 1 item starting at index 5, in increasing order" time="0.001" status="0"/><testcase name="Add after 2 items starting at index 0, in increasing order" time="0.002" status="0"/><testcase name="Add after 2 items starting at index 1, in increasing order" time="0.002" status="0"/><testcase name="Add after 2 items starting at index 2, in increasing order" time="0.002" status="0"/><testcase name="Add after 2 items starting at index 3, in increasing order" time="0.002" status="0"/><testcase name="Add after 2 items starting at index 4, in increasing order" time="0.001" status="0"/><testcase name="Add after 2 items starting at index 1, in decreasing order" time="0.002" status="0"/><testcase name="Add after 2 items starting at index 2, in decreasing order" time="0.002" status="0"/><testcase name="Add after 2 items starting at index 3, in decreasing order" time="0.002" status="0"/><testcase name="Add after 2 items starting at index 4, in decreasing order" time="0.001" status="0"/><testcase name="Add after 2 items starting at index 5, in decreasing order" time="0.002" status="0"/></testsuite></testsuite><testsuite name="Add items to empty store" failures="0" skipped="0" tests="4" time="0.099"><testcase name="Add 1 items with 0 overlap" time="0.007" status="0"/><testcase name="Add 4 items with 0 overlap" time="0.01" status="0"/><testcase name="Add 5 items with 1 overlap" time="0.016" status="0"/><testcase name="Add 6 items with 2 overlap" time="0.011" status="0"/></testsuite></testsuite><testsuite name="Multiple updates to trackable list" failures="0" skipped="0" tests="1" time="0.024"><testcase name="Multiple puts" time="0.011" status="0"/></testsuite><testsuite name="shouldTrackCollection = false + store modifications" failures="0" skipped="0" tests="3" time="0.057"><testcase name="shouldTrackCollection = false + add" time="0.001" status="0"/><testcase name="shouldTrackCollection = false + put" time="0" status="0"/><testcase name="shouldTrackCollection = false + remove" time="0" status="0"/></testsuite><testsuite name="setClass" failures="0" skipped="0" tests="3" time="0.076"><testcase name="Lists + initially-defined classes" time="0.005" status="0"/><testcase name="Grids + initially-defined classes" time="0.005" status="0"/><testcase name="Declarative Grid + initially-defined class" time="0.007" status="0"/></testsuite><testsuite name="addCssRule" failures="0" skipped="0" tests="5" time="0.139"><testcase name="addCssRule + remove" time="0.006" status="0"/><testcase name="addCssRule get/set/remove" time="0.007" status="0"/><testcase name="add/remove multiple rules in mixed order" time="0.012" status="0"/><testcase name="addCssRule via dgrid APIs" time="0.024" status="0"/><testcase name="Grid columns as array (numeric IDs)" time="0.01" status="0"/></testsuite><testsuite name="CSS escaping of column IDs via dgrid APIs" failures="0" skipped="0" tests="6" time="0.21"><testsuite name="Grid columns and columnsets" failures="0" skipped="0" tests="2" time="0.06"><testcase name="styleColumn" time="0.005" status="0"/><testcase name="styleColumnSet" time="0.005" status="0"/></testsuite><testsuite name="ColumnHider" failures="0" skipped="0" tests="2" time="0.058"><testcase name="Hiding column after construction" time="0.012" status="0"/><testcase name="Hiding column during construction" time="0.008" status="0"/></testsuite><testsuite name="ColumnResizer" failures="0" skipped="0" tests="2" time="0.058"><testcase name="Resizing column after construction" time="0.011" status="0"/><testcase name="Resizing column during construction" time="0.01" status="0"/></testsuite></testsuite><testsuite name="stores" failures="0" skipped="0" tests="9" time="2.765"><testcase name="OnDemandGrid + sync store" time="0.051" status="0"/><testcase name="OnDemandGrid + async store" time="0.853" status="0"/><testcase name="OnDemandGrid + async store w/ error" time="0.409" status="0"/><testcase name="OnDemandGrid + async store w/ total error" time="0.007" status="0"/><testcase name="OnDemandGrid observes/releases ranges appropriately" time="0.313" status="0"/><testcase name="PaginationGrid + sync store" time="0.026" status="0"/><testcase name="PaginationGrid + async store" time="0.422" status="0"/><testcase name="PaginationGrid + async store w/ error" time="0.407" status="0"/><testcase name="Pagination observes/releases ranges appropriately" time="0.172" status="0"/></testsuite><testsuite name="Async empty stores" failures="1" skipped="0" tests="2" time="0.452"><testcase name="OnDemandGrid consecutive refresh with async empty store (#1065)" time="0.208" status="1"><error>[object Object]</error></testcase><testcase name="Pagination consecutive refresh with async empty store" time="0.211" status="0"/></testsuite><testsuite name="_StoreMixin" failures="0" skipped="0" tests="10" time="0.645"><testsuite name="_StoreMixin#_setCollection" failures="0" skipped="0" tests="2" time="0.116"><testcase name="null" time="0.011" status="0"/><testcase name="dirty data preservation/cleanup" time="0.042" status="0"/></testsuite><testcase name="_StoreMixin#_onNotification" time="0.017" status="0"/><testsuite name="_StoreMixin#_trackError" failures="0" skipped="0" tests="4" time="0.246"><testcase name="_StoreMixin#_trackError - sync value" time="0.001" status="0"/><testcase name="_StoreMixin#_trackError - async value" time="0.101" status="0"/><testcase name="_StoreMixin#_trackError - sync error" time="0" status="0"/><testcase name="_StoreMixin#_trackError - async error" time="0.101" status="0"/></testsuite><testsuite name="_StoreMixin#save / column.set tests" failures="0" skipped="0" tests="2" time="0.18"><testcase name="column.set in subRows" time="0.059" status="0"/><testcase name="column.set in columnSets" time="0.083" status="0"/></testsuite><testsuite name="Effect of set-before-startup on refresh calls" failures="0" skipped="0" tests="1" time="0.03"><testcase name="set('collection') before startup should not cause superfluous refresh" time="0.008" status="0"/></testsuite></testsuite></testsuite><testsuite name="firefox 34.0 on WINDOWS" failures="2" skipped="0" tests="268" time="14.889"><testsuite name="unit tests" failures="2" skipped="0" tests="268" time="0"><testsuite name="main" failures="2" skipped="0" tests="268" time="10.456"><testsuite name="columns" failures="0" skipped="0" tests="1" time="0.06"><testcase name="className property" time="0.025" status="0"/></testsuite><testsuite name="columnSets" failures="0" skipped="0" tests="1" time="0.038"><testcase name="className property" time="0.022" status="0"/></testsuite><testsuite name="createDestroy" failures="0" skipped="0" tests="1" time="0.02"><testcase name="no params list" time="0.004" status="0"/></testsuite><testsuite name="OnDemandList with zero rowHeight" failures="1" skipped="0" tests="2" time="0.066"><testcase name="_processScroll should bail out if rowHeight is 0" time="0" status="0"/><testcase name="refresh with zero rowHeight should only render minRowsPerPage rows" time="0.001" status="1"><failure message="expected 100 to equal 25" type="AssertionError">AssertionError: expected 100 to equal 25
No stack or location</failure></testcase></testsuite><testsuite name="Trackable lists" failures="0" skipped="0" tests="224" time="5.78"><testsuite name="Modify store items" failures="0" skipped="0" tests="55" time="1.624"><testsuite name="OnDemandList one query with 0 overlap" failures="0" skipped="0" tests="7" time="0.164"><testcase name="Modify 1 item starting at index 0, in increasing order" time="0.004" status="0"/><testcase name="Modify 1 item starting at index 1, in increasing order" time="0.004" status="0"/><testcase name="Modify 1 item starting at index 2, in increasing order" time="0.003" status="0"/><testcase name="Modify 2 items starting at index 0, in increasing order" time="0.003" status="0"/><testcase name="Modify 2 items starting at index 1, in increasing order" time="0.002" status="0"/><testcase name="Modify 2 items starting at index 1, in decreasing order" time="0.002" status="0"/><testcase name="Modify 2 items starting at index 2, in decreasing order" time="0.002" status="0"/></testsuite><testsuite name="OnDemandList multiple queries with 0 overlap" failures="0" skipped="0" tests="16" time="0.369"><testcase name="Modify 1 item starting at index 0, in increasing order" time="0.001" status="0"/><testcase name="Modify 1 item starting at index 1, in increasing order" time="0.001" status="0"/><testcase name="Modify 1 item starting at index 2, in increasing order" time="0.001" status="0"/><testcase name="Modify 1 item starting at index 3, in increasing order" time="0.001" status="0"/><testcase name="Modify 1 item starting at index 4, in increasing order" time="0.001" status="0"/><testcase name="Modify 1 item starting at index 5, in increasing order" time="0.001" status="0"/><testcase name="Modify 2 items starting at index 0, in increasing order" time="0.002" status="0"/><testcase name="Modify 2 items starting at index 1, in increasing order" time="0.002" status="0"/><testcase name="Modify 2 items starting at index 2, in increasing order" time="0.001" status="0"/><testcase name="Modify 2 items starting at index 3, in increasing order" time="0.002" status="0"/><testcase name="Modify 2 items starting at index 4, in increasing order" time="0.002" status="0"/><testcase name="Modify 2 items starting at index 1, in decreasing order" time="0.002" status="0"/><testcase name="Modify 2 items starting at index 2, in decreasing order" time="0.002" status="0"/><testcase name="Modify 2 items starting at index 3, in decreasing order" time="0.001" status="0"/><testcase name="Modify 2 items starting at index 4, in decreasing order" time="0.002" status="0"/><testcase name="Modify 2 items starting at index 5, in decreasing order" time="0.009" status="0"/></testsuite><testsuite name="OnDemandList multiple queries with 1 overlap" failures="0" skipped="0" tests="16" time="0.513"><testcase name="Modify 1 item starting at index 0, in increasing order" time="0.002" status="0"/><testcase name="Modify 1 item starting at index 1, in increasing order" time="0.001" status="0"/><testcase name="Modify 1 item starting at index 2, in increasing order" time="0.001" status="0"/><testcase name="Modify 1 item starting at index 3, in increasing order" time="0.006" status="0"/><testcase name="Modify 1 item starting at index 4, in increasing order" time="0.004" status="0"/><testcase name="Modify 1 item starting at index 5, in increasing order" time="0.002" status="0"/><testcase name="Modify 2 items starting at index 0, in increasing order" time="0.007" status="0"/><testcase name="Modify 2 items starting at index 1, in increasing order" time="0.003" status="0"/><testcase name="Modify 2 items starting at index 2, in increasing order" time="0.002" status="0"/><testcase name="Modify 2 items starting at index 3, in increasing order" time="0.003" status="0"/><testcase name="Modify 2 items starting at index 4, in increasing order" time="0.001" status="0"/><testcase name="Modify 2 items starting at index 1, in decreasing order" time="0.003" status="0"/><testcase name="Modify 2 items starting at index 2, in decreasing order" time="0.002" status="0"/><testcase name="Modify 2 items starting at index 3, in decreasing order" time="0.002" status="0"/><testcase name="Modify 2 items starting at index 4, in decreasing order" time="0.002" status="0"/><testcase name="Modify 2 items starting at index 5, in decreasing order" time="0.003" status="0"/></testsuite><testsuite name="OnDemandList multiple queries with 2 overlap" failures="0" skipped="0" tests="16" time="0.534"><testcase name="Modify 1 item starting at index 0, in increasing order" time="0.002" status="0"/><testcase name="Modify 1 item starting at index 1, in increasing order" time="0.002" status="0"/><testcase name="Modify 1 item starting at index 2, in increasing order" time="0.002" status="0"/><testcase name="Modify 1 item starting at index 3, in increasing order" time="0.001" status="0"/><testcase name="Modify 1 item starting at index 4, in increasing order" time="0.001" status="0"/><testcase name="Modify 1 item starting at index 5, in increasing order" time="0.002" status="0"/><testcase name="Modify 2 items starting at index 0, in increasing order" time="0.001" status="0"/><testcase name="Modify 2 items starting at index 1, in increasing order" time="0.001" status="0"/><testcase name="Modify 2 items starting at index 2, in increasing order" time="0.001" status="0"/><testcase name="Modify 2 items starting at index 3, in increasing order" time="0.007" status="0"/><testcase name="Modify 2 items starting at index 4, in increasing order" time="0.004" status="0"/><testcase name="Modify 2 items starting at index 1, in decreasing order" time="0.003" status="0"/><testcase name="Modify 2 items starting at index 2, in decreasing order" time="0.002" status="0"/><testcase name="Modify 2 items starting at index 3, in decreasing order" time="0.001" status="0"/><testcase name="Modify 2 items starting at index 4, in decreasing order" time="0.003" status="0"/><testcase name="Modify 2 items starting at index 5, in decreasing order" time="0.003" status="0"/></testsuite></testsuite><testsuite name="Remove store items" failures="0" skipped="0" tests="55" time="1.339"><testsuite name="OnDemandList one query with 0 overlap" failures="0" skipped="0" tests="7" time="0.219"><testcase name="Remove 1 item starting at index 0, in increasing order" time="0.002" status="0"/><testcase name="Remove 1 item starting at index 1, in increasing order" time="0.004" status="0"/><testcase name="Remove 1 item starting at index 2, in increasing order" time="0.002" status="0"/><testcase name="Remove 2 items starting at index 0, in increasing order" time="0.002" status="0"/><testcase name="Remove 2 items starting at index 1, in increasing order" time="0.002" status="0"/><testcase name="Remove 2 items starting at index 1, in decreasing order" time="0.001" status="0"/><testcase name="Remove 2 items starting at index 2, in decreasing order" time="0.002" status="0"/></testsuite><testsuite name="OnDemandList multiple queries with 0 overlap" failures="0" skipped="0" tests="16" time="0.335"><testcase name="Remove 1 item starting at index 0, in increasing order" time="0.002" status="0"/><testcase name="Remove 1 item starting at index 1, in increasing order" time="0.001" status="0"/><testcase name="Remove 1 item starting at index 2, in increasing order" time="0.002" status="0"/><testcase name="Remove 1 item starting at index 3, in increasing order" time="0.002" status="0"/><testcase name="Remove 1 item starting at index 4, in increasing order" time="0.002" status="0"/><testcase name="Remove 1 item starting at index 5, in increasing order" time="0.001" status="0"/><testcase name="Remove 2 items starting at index 0, in increasing order" time="0.001" status="0"/><testcase name="Remove 2 items starting at index 1, in increasing order" time="0.001" status="0"/><testcase name="Remove 2 items starting at index 2, in increasing order" time="0.001" status="0"/><testcase name="Remove 2 items starting at index 3, in increasing order" time="0.001" status="0"/><testcase name="Remove 2 items starting at index 4, in increasing order" time="0.001" status="0"/><testcase name="Remove 2 items starting at index 1, in decreasing order" time="0.002" status="0"/><testcase name="Remove 2 items starting at index 2, in decreasing order" time="0.001" status="0"/><testcase name="Remove 2 items starting at index 3, in decreasing order" time="0.002" status="0"/><testcase name="Remove 2 items starting at index 4, in decreasing order" time="0.001" status="0"/><testcase name="Remove 2 items starting at index 5, in decreasing order" time="0.002" status="0"/></testsuite><testsuite name="OnDemandList multiple queries with 1 overlap" failures="0" skipped="0" tests="16" time="0.379"><testcase name="Remove 1 item starting at index 0, in increasing order" time="0.001" status="0"/><testcase name="Remove 1 item starting at index 1, in increasing order" time="0.001" status="0"/><testcase name="Remove 1 item starting at index 2, in increasing order" time="0.001" status="0"/><testcase name="Remove 1 item starting at index 3, in increasing order" time="0.001" status="0"/><testcase name="Remove 1 item starting at index 4, in increasing order" time="0.001" status="0"/><testcase name="Remove 1 item starting at index 5, in increasing order" time="0.001" status="0"/><testcase name="Remove 2 items starting at index 0, in increasing order" time="0.002" status="0"/><testcase name="Remove 2 items starting at index 1, in increasing order" time="0.002" status="0"/><testcase name="Remove 2 items starting at index 2, in increasing order" time="0.001" status="0"/><testcase name="Remove 2 items starting at index 3, in increasing order" time="0.001" status="0"/><testcase name="Remove 2 items starting at index 4, in increasing order" time="0.002" status="0"/><testcase name="Remove 2 items starting at index 1, in decreasing order" time="0.002" status="0"/><testcase name="Remove 2 items starting at index 2, in decreasing order" time="0.002" status="0"/><testcase name="Remove 2 items starting at index 3, in decreasing order" time="0.002" status="0"/><testcase name="Remove 2 items starting at index 4, in decreasing order" time="0.002" status="0"/><testcase name="Remove 2 items starting at index 5, in decreasing order" time="0.002" status="0"/></testsuite><testsuite name="OnDemandList multiple queries with 2 overlap" failures="0" skipped="0" tests="16" time="0.367"><testcase name="Remove 1 item starting at index 0, in increasing order" time="0.001" status="0"/><testcase name="Remove 1 item starting at index 1, in increasing order" time="0.001" status="0"/><testcase name="Remove 1 item starting at index 2, in increasing order" time="0.001" status="0"/><testcase name="Remove 1 item starting at index 3, in increasing order" time="0.002" status="0"/><testcase name="Remove 1 item starting at index 4, in increasing order" time="0.001" status="0"/><testcase name="Remove 1 item starting at index 5, in increasing order" time="0.001" status="0"/><testcase name="Remove 2 items starting at index 0, in increasing order" time="0.002" status="0"/><testcase name="Remove 2 items starting at index 1, in increasing order" time="0.002" status="0"/><testcase name="Remove 2 items starting at index 2, in increasing order" time="0.001" status="0"/><testcase name="Remove 2 items starting at index 3, in increasing order" time="0.003" status="0"/><testcase name="Remove 2 items starting at index 4, in increasing order" time="0.001" status="0"/><testcase name="Remove 2 items starting at index 1, in decreasing order" time="0.006" status="0"/><testcase name="Remove 2 items starting at index 2, in decreasing order" time="0.002" status="0"/><testcase name="Remove 2 items starting at index 3, in decreasing order" time="0.002" status="0"/><testcase name="Remove 2 items starting at index 4, in decreasing order" time="0.001" status="0"/><testcase name="Remove 2 items starting at index 5, in decreasing order" time="0.002" status="0"/></testsuite></testsuite><testsuite name="Insert store items before" failures="0" skipped="0" tests="55" time="1.411"><testsuite name="OnDemandList one query with 0 overlap" failures="0" skipped="0" tests="7" time="0.152"><testcase name="Add before 1 item starting at index 0, in increasing order" time="0.002" status="0"/><testcase name="Add before 1 item starting at index 1, in increasing order" time="0.002" status="0"/><testcase name="Add before 1 item starting at index 2, in increasing order" time="0.001" status="0"/><testcase name="Add before 2 items starting at index 0, in increasing order" time="0.002" status="0"/><testcase name="Add before 2 items starting at index 1, in increasing order" time="0.001" status="0"/><testcase name="Add before 2 items starting at index 1, in decreasing order" time="0.002" status="0"/><testcase name="Add before 2 items starting at index 2, in decreasing order" time="0.002" status="0"/></testsuite><testsuite name="OnDemandList multiple queries with 0 overlap" failures="0" skipped="0" tests="16" time="0.425"><testcase name="Add before 1 item starting at index 0, in increasing order" time="0.002" status="0"/><testcase name="Add before 1 item starting at index 1, in increasing order" time="0.001" status="0"/><testcase name="Add before 1 item starting at index 2, in increasing order" time="0.001" status="0"/><testcase name="Add before 1 item starting at index 3, in increasing order" time="0.002" status="0"/><testcase name="Add before 1 item starting at index 4, in increasing order" time="0.001" status="0"/><testcase name="Add before 1 item starting at index 5, in increasing order" time="0.001" status="0"/><testcase name="Add before 2 items starting at index 0, in increasing order" time="0.002" status="0"/><testcase name="Add before 2 items starting at index 1, in increasing order" time="0.002" status="0"/><testcase name="Add before 2 items starting at index 2, in increasing order" time="0.002" status="0"/><testcase name="Add before 2 items starting at index 3, in increasing order" time="0.002" status="0"/><testcase name="Add before 2 items starting at index 4, in increasing order" time="0.002" status="0"/><testcase name="Add before 2 items starting at index 1, in decreasing order" time="0.002" status="0"/><testcase name="Add before 2 items starting at index 2, in decreasing order" time="0.002" status="0"/><testcase name="Add before 2 items starting at index 3, in decreasing order" time="0.001" status="0"/><testcase name="Add before 2 items starting at index 4, in decreasing order" time="0.002" status="0"/><testcase name="Add before 2 items starting at index 5, in decreasing order" time="0.002" status="0"/></testsuite><testsuite name="OnDemandList multiple queries with 1 overlap" failures="0" skipped="0" tests="16" time="0.417"><testcase name="Add before 1 item starting at index 0, in increasing order" time="0.001" status="0"/><testcase name="Add before 1 item starting at index 1, in increasing order" time="0.001" status="0"/><testcase name="Add before 1 item starting at index 2, in increasing order" time="0.001" status="0"/><testcase name="Add before 1 item starting at index 3, in increasing order" time="0.001" status="0"/><testcase name="Add before 1 item starting at index 4, in increasing order" time="0.001" status="0"/><testcase name="Add before 1 item starting at index 5, in increasing order" time="0.001" status="0"/><testcase name="Add before 2 items starting at index 0, in increasing order" time="0.002" status="0"/><testcase name="Add before 2 items starting at index 1, in increasing order" time="0.002" status="0"/><testcase name="Add before 2 items starting at index 2, in increasing order" time="0.002" status="0"/><testcase name="Add before 2 items starting at index 3, in increasing order" time="0.001" status="0"/><testcase name="Add before 2 items starting at index 4, in increasing order" time="0.002" status="0"/><testcase name="Add before 2 items starting at index 1, in decreasing order" time="0.002" status="0"/><testcase name="Add before 2 items starting at index 2, in decreasing order" time="0.001" status="0"/><testcase name="Add before 2 items starting at index 3, in decreasing order" time="0.007" status="0"/><testcase name="Add before 2 items starting at index 4, in decreasing order" time="0.002" status="0"/><testcase name="Add before 2 items starting at index 5, in decreasing order" time="0.002" status="0"/></testsuite><testsuite name="OnDemandList multiple queries with 2 overlap" failures="0" skipped="0" tests="16" time="0.377"><testcase name="Add before 1 item starting at index 0, in increasing order" time="0.002" status="0"/><testcase name="Add before 1 item starting at index 1, in increasing order" time="0.001" status="0"/><testcase name="Add before 1 item starting at index 2, in increasing order" time="0.001" status="0"/><testcase name="Add before 1 item starting at index 3, in increasing order" time="0.001" status="0"/><testcase name="Add before 1 item starting at index 4, in increasing order" time="0.001" status="0"/><testcase name="Add before 1 item starting at index 5, in increasing order" time="0.001" status="0"/><testcase name="Add before 2 items starting at index 0, in increasing order" time="0.002" status="0"/><testcase name="Add before 2 items starting at index 1, in increasing order" time="0.002" status="0"/><testcase name="Add before 2 items starting at index 2, in increasing order" time="0.002" status="0"/><testcase name="Add before 2 items starting at index 3, in increasing order" time="0.002" status="0"/><testcase name="Add before 2 items starting at index 4, in increasing order" time="0.002" status="0"/><testcase name="Add before 2 items starting at index 1, in decreasing order" time="0.002" status="0"/><testcase name="Add before 2 items starting at index 2, in decreasing order" time="0.002" status="0"/><testcase name="Add before 2 items starting at index 3, in decreasing order" time="0.002" status="0"/><testcase name="Add before 2 items starting at index 4, in decreasing order" time="0.002" status="0"/><testcase name="Add before 2 items starting at index 5, in decreasing order" time="0.002" status="0"/></testsuite></testsuite><testsuite name="Insert store items after" failures="0" skipped="0" tests="55" time="1.261"><testsuite name="OnDemandList one query with 0 overlap" failures="0" skipped="0" tests="7" time="0.143"><testcase name="Add after 1 item starting at index 0, in increasing order" time="0.002" status="0"/><testcase name="Add after 1 item starting at index 1, in increasing order" time="0.001" status="0"/><testcase name="Add after 1 item starting at index 2, in increasing order" time="0.001" status="0"/><testcase name="Add after 2 items starting at index 0, in increasing order" time="0.002" status="0"/><testcase name="Add after 2 items starting at index 1, in increasing order" time="0.001" status="0"/><testcase name="Add after 2 items starting at index 1, in decreasing order" time="0.002" status="0"/><testcase name="Add after 2 items starting at index 2, in decreasing order" time="0.002" status="0"/></testsuite><testsuite name="OnDemandList multiple queries with 0 overlap" failures="0" skipped="0" tests="16" time="0.342"><testcase name="Add after 1 item starting at index 0, in increasing order" time="0.002" status="0"/><testcase name="Add after 1 item starting at index 1, in increasing order" time="0.001" status="0"/><testcase name="Add after 1 item starting at index 2, in increasing order" time="0.001" status="0"/><testcase name="Add after 1 item starting at index 3, in increasing order" time="0.001" status="0"/><testcase name="Add after 1 item starting at index 4, in increasing order" time="0.002" status="0"/><testcase name="Add after 1 item starting at index 5, in increasing order" time="0.001" status="0"/><testcase name="Add after 2 items starting at index 0, in increasing order" time="0.001" status="0"/><testcase name="Add after 2 items starting at index 1, in increasing order" time="0.001" status="0"/><testcase name="Add after 2 items starting at index 2, in increasing order" time="0.002" status="0"/><testcase name="Add after 2 items starting at index 3, in increasing order" time="0.002" status="0"/><testcase name="Add after 2 items starting at index 4, in increasing order" time="0.002" status="0"/><testcase name="Add after 2 items starting at index 1, in decreasing order" time="0.002" status="0"/><testcase name="Add after 2 items starting at index 2, in decreasing order" time="0.003" status="0"/><testcase name="Add after 2 items starting at index 3, in decreasing order" time="0.006" status="0"/><testcase name="Add after 2 items starting at index 4, in decreasing order" time="0.001" status="0"/><testcase name="Add after 2 items starting at index 5, in decreasing order" time="0.002" status="0"/></testsuite><testsuite name="OnDemandList multiple queries with 1 overlap" failures="0" skipped="0" tests="16" time="0.351"><testcase name="Add after 1 item starting at index 0, in increasing order" time="0.001" status="0"/><testcase name="Add after 1 item starting at index 1, in increasing order" time="0.001" status="0"/><testcase name="Add after 1 item starting at index 2, in increasing order" time="0.001" status="0"/><testcase name="Add after 1 item starting at index 3, in increasing order" time="0.002" status="0"/><testcase name="Add after 1 item starting at index 4, in increasing order" time="0.001" status="0"/><testcase name="Add after 1 item starting at index 5, in increasing order" time="0.002" status="0"/><testcase name="Add after 2 items starting at index 0, in increasing order" time="0.002" status="0"/><testcase name="Add after 2 items starting at index 1, in increasing order" time="0.002" status="0"/><testcase name="Add after 2 items starting at index 2, in increasing order" time="0.001" status="0"/><testcase name="Add after 2 items starting at index 3, in increasing order" time="0.002" status="0"/><testcase name="Add after 2 items starting at index 4, in increasing order" time="0.002" status="0"/><testcase name="Add after 2 items starting at index 1, in decreasing order" time="0.002" status="0"/><testcase name="Add after 2 items starting at index 2, in decreasing order" time="0.002" status="0"/><testcase name="Add after 2 items starting at index 3, in decreasing order" time="0.002" status="0"/><testcase name="Add after 2 items starting at index 4, in decreasing order" time="0.002" status="0"/><testcase name="Add after 2 items starting at index 5, in decreasing order" time="0.002" status="0"/></testsuite><testsuite name="OnDemandList multiple queries with 2 overlap" failures="0" skipped="0" tests="16" time="0.385"><testcase name="Add after 1 item starting at index 0, in increasing order" time="0.001" status="0"/><testcase name="Add after 1 item starting at index 1, in increasing order" time="0.001" status="0"/><testcase name="Add after 1 item starting at index 2, in increasing order" time="0.002" status="0"/><testcase name="Add after 1 item starting at index 3, in increasing order" time="0.001" status="0"/><testcase name="Add after 1 item starting at index 4, in increasing order" time="0.001" status="0"/><testcase name="Add after 1 item starting at index 5, in increasing order" time="0.001" status="0"/><testcase name="Add after 2 items starting at index 0, in increasing order" time="0.002" status="0"/><testcase name="Add after 2 items starting at index 1, in increasing order" time="0.002" status="0"/><testcase name="Add after 2 items starting at index 2, in increasing order" time="0.002" status="0"/><testcase name="Add after 2 items starting at index 3, in increasing order" time="0.002" status="0"/><testcase name="Add after 2 items starting at index 4, in increasing order" time="0.001" status="0"/><testcase name="Add after 2 items starting at index 1, in decreasing order" time="0.002" status="0"/><testcase name="Add after 2 items starting at index 2, in decreasing order" time="0.002" status="0"/><testcase name="Add after 2 items starting at index 3, in decreasing order" time="0.002" status="0"/><testcase name="Add after 2 items starting at index 4, in decreasing order" time="0.001" status="0"/><testcase name="Add after 2 items starting at index 5, in decreasing order" time="0.002" status="0"/></testsuite></testsuite><testsuite name="Add items to empty store" failures="0" skipped="0" tests="4" time="0.099"><testcase name="Add 1 items with 0 overlap" time="0.007" status="0"/><testcase name="Add 4 items with 0 overlap" time="0.01" status="0"/><testcase name="Add 5 items with 1 overlap" time="0.016" status="0"/><testcase name="Add 6 items with 2 overlap" time="0.011" status="0"/></testsuite></testsuite><testsuite name="Multiple updates to trackable list" failures="0" skipped="0" tests="1" time="0.024"><testcase name="Multiple puts" time="0.011" status="0"/></testsuite><testsuite name="shouldTrackCollection = false + store modifications" failures="0" skipped="0" tests="3" time="0.057"><testcase name="shouldTrackCollection = false + add" time="0.001" status="0"/><testcase name="shouldTrackCollection = false + put" time="0" status="0"/><testcase name="shouldTrackCollection = false + remove" time="0" status="0"/></testsuite><testsuite name="setClass" failures="0" skipped="0" tests="3" time="0.076"><testcase name="Lists + initially-defined classes" time="0.005" status="0"/><testcase name="Grids + initially-defined classes" time="0.005" status="0"/><testcase name="Declarative Grid + initially-defined class" time="0.007" status="0"/></testsuite><testsuite name="addCssRule" failures="0" skipped="0" tests="5" time="0.139"><testcase name="addCssRule + remove" time="0.006" status="0"/><testcase name="addCssRule get/set/remove" time="0.007" status="0"/><testcase name="add/remove multiple rules in mixed order" time="0.012" status="0"/><testcase name="addCssRule via dgrid APIs" time="0.024" status="0"/><testcase name="Grid columns as array (numeric IDs)" time="0.01" status="0"/></testsuite><testsuite name="CSS escaping of column IDs via dgrid APIs" failures="0" skipped="0" tests="6" time="0.21"><testsuite name="Grid columns and columnsets" failures="0" skipped="0" tests="2" time="0.06"><testcase name="styleColumn" time="0.005" status="0"/><testcase name="styleColumnSet" time="0.005" status="0"/></testsuite><testsuite name="ColumnHider" failures="0" skipped="0" tests="2" time="0.058"><testcase name="Hiding column after construction" time="0.012" status="0"/><testcase name="Hiding column during construction" time="0.008" status="0"/></testsuite><testsuite name="ColumnResizer" failures="0" skipped="0" tests="2" time="0.058"><testcase name="Resizing column after construction" time="0.011" status="0"/><testcase name="Resizing column during construction" time="0.01" status="0"/></testsuite></testsuite><testsuite name="stores" failures="0" skipped="0" tests="9" time="2.765"><testcase name="OnDemandGrid + sync store" time="0.051" status="0"/><testcase name="OnDemandGrid + async store" time="0.853" status="0"/><testcase name="OnDemandGrid + async store w/ error" time="0.409" status="0"/><testcase name="OnDemandGrid + async store w/ total error" time="0.007" status="0"/><testcase name="OnDemandGrid observes/releases ranges appropriately" time="0.313" status="0"/><testcase name="PaginationGrid + sync store" time="0.026" status="0"/><testcase name="PaginationGrid + async store" time="0.422" status="0"/><testcase name="PaginationGrid + async store w/ error" time="0.407" status="0"/><testcase name="Pagination observes/releases ranges appropriately" time="0.172" status="0"/></testsuite><testsuite name="Async empty stores" failures="1" skipped="0" tests="2" time="0.452"><testcase name="OnDemandGrid consecutive refresh with async empty store (#1065)" time="0.208" status="1"><error>[object Object]</error></testcase><testcase name="Pagination consecutive refresh with async empty store" time="0.211" status="0"/></testsuite><testsuite name="_StoreMixin" failures="0" skipped="0" tests="10" time="0.645"><testsuite name="_StoreMixin#_setCollection" failures="0" skipped="0" tests="2" time="0.116"><testcase name="null" time="0.011" status="0"/><testcase name="dirty data preservation/cleanup" time="0.042" status="0"/></testsuite><testcase name="_StoreMixin#_onNotification" time="0.017" status="0"/><testsuite name="_StoreMixin#_trackError" failures="0" skipped="0" tests="4" time="0.246"><testcase name="_StoreMixin#_trackError - sync value" time="0.001" status="0"/><testcase name="_StoreMixin#_trackError - async value" time="0.101" status="0"/><testcase name="_StoreMixin#_trackError - sync error" time="0" status="0"/><testcase name="_StoreMixin#_trackError - async error" time="0.101" status="0"/></testsuite><testsuite name="_StoreMixin#save / column.set tests" failures="0" skipped="0" tests="2" time="0.18"><testcase name="column.set in subRows" time="0.059" status="0"/><testcase name="column.set in columnSets" time="0.083" status="0"/></testsuite><testsuite name="Effect of set-before-startup on refresh calls" failures="0" skipped="0" tests="1" time="0.03"><testcase name="set('collection') before startup should not cause superfluous refresh" time="0.008" status="0"/></testsuite></testsuite></testsuite></testsuite></testsuite></testsuites>
